\BOOKMARK [1][-]{section.1}{Problem Definition}{}% 1
\BOOKMARK [1][-]{section.2}{Literature Review}{}% 2
\BOOKMARK [2][-]{subsection.2.1}{Taxonomy of 3D Tracking Systems}{section.2}% 3
\BOOKMARK [2][-]{subsection.2.2}{Performance Evaluation}{section.2}% 4
\BOOKMARK [1][-]{section.3}{System Design}{}% 5
\BOOKMARK [2][-]{subsection.3.1}{Bootstrapping}{section.3}% 6
\BOOKMARK [2][-]{subsection.3.2}{Motion Estimation Loop}{section.3}% 7
\BOOKMARK [3][-]{subsubsection.3.2.1}{Control Points Projection}{subsection.3.2}% 8
\BOOKMARK [3][-]{subsubsection.3.2.2}{Edge Detection and Extraction}{subsection.3.2}% 9
\BOOKMARK [3][-]{subsubsection.3.2.3}{Corresponding Edges Extraction}{subsection.3.2}% 10
\BOOKMARK [3][-]{subsubsection.3.2.4}{Correspondences Filtering}{subsection.3.2}% 11
\BOOKMARK [3][-]{subsubsection.3.2.5}{Least Squares Formulation}{subsection.3.2}% 12
\BOOKMARK [3][-]{subsubsection.3.2.6}{Object Pose Update}{subsection.3.2}% 13
\BOOKMARK [1][-]{section.4}{Results and Discussion}{}% 14
\BOOKMARK [2][-]{subsection.4.1}{Experimental Setup}{section.4}% 15
\BOOKMARK [2][-]{subsection.4.2}{3D Model of Tracked Object}{section.4}% 16
\BOOKMARK [2][-]{subsection.4.3}{Camera Calibration}{section.4}% 17
\BOOKMARK [2][-]{subsection.4.4}{System Results}{section.4}% 18
\BOOKMARK [2][-]{subsection.4.5}{Discussion}{section.4}% 19
\BOOKMARK [1][-]{section.5}{Future Work}{}% 20
